13:29:58 - test - INFO - <module>: 22 - Start script
13:30:02 - test - INFO - show_CLIENTS_func: 524 - DATA from CLIENTS is showed
15:14:09 - test - INFO - <module>: 22 - Start script
15:15:05 - test - INFO - <module>: 22 - Start script
15:15:18 - test - INFO - <module>: 22 - Start script
15:15:33 - test - INFO - show_CLIENTS_func: 531 - DATA from CLIENTS is showed
15:16:32 - test - INFO - <module>: 22 - Start script
15:26:31 - test - INFO - <module>: 22 - Start script
15:26:58 - test - INFO - <module>: 22 - Start script
15:27:10 - test - INFO - <module>: 22 - Start script
15:27:27 - test - INFO - show_CLIENTS_func: 537 - DATA from CLIENTS is showed
15:28:49 - test - INFO - <module>: 22 - Start script
15:30:02 - test - INFO - show_CLIENTS_func: 537 - DATA from CLIENTS is showed
15:31:14 - test - INFO - <module>: 22 - Start script
15:34:34 - test - INFO - <module>: 22 - Start script
15:46:04 - test - INFO - <module>: 22 - Start script
15:48:31 - test - INFO - <module>: 22 - Start script
15:49:23 - test - INFO - <module>: 22 - Start script
15:49:35 - test - INFO - <module>: 22 - Start script
15:50:28 - test - INFO - <module>: 22 - Start script
15:50:35 - test - INFO - <module>: 22 - Start script
15:50:45 - test - INFO - <module>: 22 - Start script
15:50:54 - test - INFO - <module>: 22 - Start script
15:51:46 - test - INFO - <module>: 22 - Start script
15:52:14 - test - INFO - <module>: 22 - Start script
15:53:47 - test - INFO - <module>: 22 - Start script
15:54:06 - test - INFO - <module>: 22 - Start script
15:54:49 - test - INFO - <module>: 22 - Start script
15:55:36 - test - INFO - <module>: 22 - Start script
15:56:07 - test - INFO - <module>: 22 - Start script
15:57:29 - test - INFO - <module>: 22 - Start script
18:38:29 - test - INFO - <module>: 22 - Start script
18:38:36 - test - INFO - show_CLIENTS_func: 558 - DATA from CLIENTS is showed
22:35:03 - test - INFO - <module>: 22 - Start script
22:35:06 - test - INFO - show_CLIENTS_func: 558 - DATA from CLIENTS is showed
22:45:27 - test - INFO - <module>: 22 - Start script
22:45:30 - test - INFO - show_CLIENTS_func: 559 - DATA from CLIENTS is showed
22:45:35 - test - INFO - show_CLIENTS_func: 559 - DATA from CLIENTS is showed
22:45:39 - test - INFO - <module>: 22 - Start script
22:45:40 - test - INFO - show_CLIENTS_func: 559 - DATA from CLIENTS is showed
22:53:01 - test - INFO - <module>: 22 - Start script
22:53:03 - test - INFO - show_CLIENTS_func: 557 - DATA from CLIENTS is showed
22:57:12 - test - INFO - <module>: 22 - Start script
23:15:24 - test - INFO - <module>: 22 - Start script
23:17:12 - test - INFO - <module>: 22 - Start script
23:22:38 - test - INFO - <module>: 22 - Start script
23:25:47 - test - INFO - <module>: 22 - Start script
23:25:58 - test - INFO - show_CLIENTS_func: 561 - DATA from CLIENTS is showed
23:26:21 - test - INFO - show_CLIENTS_func: 561 - DATA from CLIENTS is showed
23:26:21 - test - INFO - show_CLIENTS_func: 561 - DATA from CLIENTS is showed
23:26:21 - test - INFO - show_CLIENTS_func: 561 - DATA from CLIENTS is showed
23:26:21 - test - INFO - show_CLIENTS_func: 561 - DATA from CLIENTS is showed
23:26:22 - test - INFO - show_CLIENTS_func: 561 - DATA from CLIENTS is showed
23:26:22 - test - INFO - show_CLIENTS_func: 561 - DATA from CLIENTS is showed
23:26:22 - test - INFO - show_CLIENTS_func: 561 - DATA from CLIENTS is showed
23:37:12 - test - INFO - <module>: 22 - Start script
23:37:41 - test - INFO - show_CLIENTS_func: 561 - DATA from CLIENTS is showed
23:43:50 - test - INFO - <module>: 22 - Start script
23:44:06 - test - INFO - show_CLIENTS_func: 561 - DATA from CLIENTS is showed
23:58:59 - test - INFO - <module>: 22 - Start script
23:59:01 - test - INFO - show_CLIENTS_func: 563 - DATA from CLIENTS is showed
23:59:13 - test - INFO - show_CLIENTS_func: 563 - DATA from CLIENTS is showed
23:59:14 - test - INFO - show_CLIENTS_func: 563 - DATA from CLIENTS is showed
23:59:14 - test - INFO - show_CLIENTS_func: 563 - DATA from CLIENTS is showed
23:59:14 - test - INFO - show_CLIENTS_func: 563 - DATA from CLIENTS is showed
09:01:17 - test - INFO - <module>: 22 - Start script
09:01:19 - test - INFO - show_CLIENTS_func: 563 - DATA from CLIENTS is showed
09:01:23 - test - INFO - show_CLIENTS_func: 563 - DATA from CLIENTS is showed
09:01:23 - test - INFO - show_CLIENTS_func: 563 - DATA from CLIENTS is showed
09:01:23 - test - INFO - show_CLIENTS_func: 563 - DATA from CLIENTS is showed
09:46:07 - test - INFO - <module>: 22 - Start script
09:46:22 - test - INFO - show_CLIENTS_func: 563 - DATA from CLIENTS is showed
10:28:57 - test - INFO - <module>: 22 - Start script
10:32:03 - test - INFO - <module>: 22 - Start script
10:33:03 - test - INFO - <module>: 22 - Start script
10:34:38 - test - INFO - <module>: 22 - Start script
10:36:29 - test - INFO - <module>: 22 - Start script
10:37:52 - test - INFO - <module>: 22 - Start script
10:38:56 - test - INFO - <module>: 22 - Start script
10:39:09 - test - INFO - <module>: 22 - Start script
10:39:22 - test - INFO - show_CLIENTS_func: 564 - DATA from CLIENTS is showed
10:39:33 - test - INFO - <module>: 22 - Start script
11:22:47 - test - INFO - <module>: 22 - Start script
11:29:20 - test - INFO - <module>: 22 - Start script
11:32:55 - test - INFO - <module>: 22 - Start script
11:33:09 - test - INFO - <module>: 22 - Start script
11:36:07 - test - INFO - <module>: 22 - Start script
11:36:39 - test - INFO - show_CLIENTS_func: 582 - DATA from CLIENTS is showed
11:38:19 - test - INFO - <module>: 22 - Start script
11:38:29 - test - INFO - show_CLIENTS_func: 582 - DATA from CLIENTS is showed
11:40:38 - test - INFO - <module>: 22 - Start script
11:40:48 - test - INFO - show_CLIENTS_func: 583 - DATA from CLIENTS is showed
11:41:53 - test - INFO - <module>: 22 - Start script
11:42:15 - test - INFO - <module>: 22 - Start script
11:42:16 - test - INFO - show_CLIENTS_func: 584 - DATA from CLIENTS is showed
11:59:12 - test - INFO - <module>: 22 - Start script
11:59:26 - test - INFO - show_CLIENTS_func: 584 - DATA from CLIENTS is showed
12:16:58 - test - INFO - <module>: 22 - Start script
12:17:03 - test - INFO - show_CLIENTS_func: 584 - DATA from CLIENTS is showed
12:21:42 - test - INFO - <module>: 22 - Start script
12:21:50 - test - INFO - show_CLIENTS_func: 584 - DATA from CLIENTS is showed
12:23:41 - test - INFO - <module>: 22 - Start script
12:23:43 - test - INFO - show_CLIENTS_func: 584 - DATA from CLIENTS is showed
12:24:24 - test - INFO - show_CLIENTS_func: 584 - DATA from CLIENTS is showed
12:25:38 - test - INFO - show_CLIENTS_func: 584 - DATA from CLIENTS is showed
12:32:09 - test - INFO - <module>: 22 - Start script
12:32:55 - test - INFO - show_CLIENTS_func: 580 - DATA from CLIENTS is showed
12:33:34 - test - INFO - show_CLIENTS_func: 580 - DATA from CLIENTS is showed
12:33:34 - test - INFO - show_CLIENTS_func: 580 - DATA from CLIENTS is showed
12:33:34 - test - INFO - show_CLIENTS_func: 580 - DATA from CLIENTS is showed
12:33:34 - test - INFO - show_CLIENTS_func: 580 - DATA from CLIENTS is showed
12:33:35 - test - INFO - show_CLIENTS_func: 580 - DATA from CLIENTS is showed
12:33:59 - test - INFO - <module>: 22 - Start script
12:34:03 - test - INFO - show_CLIENTS_func: 580 - DATA from CLIENTS is showed
14:33:09 - test - INFO - <module>: 22 - Start script
14:33:11 - test - INFO - show_CLIENTS_func: 578 - DATA from CLIENTS is showed
14:33:46 - test - INFO - show_CLIENTS_func: 578 - DATA from CLIENTS is showed
14:33:55 - test - INFO - show_CLIENTS_func: 578 - DATA from CLIENTS is showed
14:34:27 - test - INFO - show_CLIENTS_func: 578 - DATA from CLIENTS is showed
14:34:36 - test - INFO - show_CLIENTS_func: 578 - DATA from CLIENTS is showed
14:34:39 - test - INFO - show_CLIENTS_func: 578 - DATA from CLIENTS is showed
14:34:44 - test - INFO - show_CLIENTS_func: 578 - DATA from CLIENTS is showed
14:35:08 - test - INFO - show_CLIENTS_func: 578 - DATA from CLIENTS is showed
16:47:55 - test - INFO - <module>: 22 - Start script
16:47:58 - test - INFO - show_CLIENTS_func: 578 - DATA from CLIENTS is showed
16:47:59 - test - INFO - show_CLIENTS_func: 578 - DATA from CLIENTS is showed
16:48:01 - test - INFO - show_CLIENTS_func: 578 - DATA from CLIENTS is showed
16:48:01 - test - INFO - show_CLIENTS_func: 578 - DATA from CLIENTS is showed
16:48:02 - test - INFO - show_CLIENTS_func: 578 - DATA from CLIENTS is showed
16:48:02 - test - INFO - show_CLIENTS_func: 578 - DATA from CLIENTS is showed
16:48:02 - test - INFO - show_CLIENTS_func: 578 - DATA from CLIENTS is showed
16:48:05 - test - INFO - show_CLIENTS_func: 578 - DATA from CLIENTS is showed
16:48:05 - test - INFO - show_CLIENTS_func: 578 - DATA from CLIENTS is showed
16:48:09 - test - INFO - show_CLIENTS_func: 578 - DATA from CLIENTS is showed
17:06:57 - test - INFO - <module>: 22 - Start script
17:06:59 - test - INFO - show_CLIENTS_func: 578 - DATA from CLIENTS is showed
17:31:10 - test - INFO - <module>: 22 - Start script
17:31:13 - test - INFO - show_CLIENTS_func: 578 - DATA from CLIENTS is showed
17:50:37 - test - INFO - <module>: 22 - Start script
17:50:39 - test - INFO - show_CLIENTS_func: 578 - DATA from CLIENTS is showed
17:56:00 - test - INFO - <module>: 22 - Start script
17:56:02 - test - INFO - show_CLIENTS_func: 578 - DATA from CLIENTS is showed
17:57:05 - test - INFO - <module>: 22 - Start script
17:57:12 - test - INFO - show_CLIENTS_func: 578 - DATA from CLIENTS is showed
17:57:12 - test - INFO - show_CLIENTS_func: 578 - DATA from CLIENTS is showed
17:57:12 - test - INFO - show_CLIENTS_func: 578 - DATA from CLIENTS is showed
17:58:12 - test - INFO - show_CLIENTS_func: 578 - DATA from CLIENTS is showed
17:58:12 - test - INFO - show_CLIENTS_func: 578 - DATA from CLIENTS is showed
17:58:13 - test - INFO - show_CLIENTS_func: 578 - DATA from CLIENTS is showed
17:58:13 - test - INFO - show_CLIENTS_func: 578 - DATA from CLIENTS is showed
17:58:22 - test - INFO - show_CLIENTS_func: 578 - DATA from CLIENTS is showed
18:58:22 - test - INFO - <module>: 22 - Start script
18:58:32 - test - INFO - show_CLIENTS_func: 582 - DATA from CLIENTS is showed
19:00:58 - test - INFO - <module>: 22 - Start script
19:01:35 - test - INFO - <module>: 22 - Start script
19:02:00 - test - INFO - <module>: 22 - Start script
19:02:25 - test - INFO - <module>: 22 - Start script
19:02:32 - test - INFO - <module>: 22 - Start script
19:03:39 - test - INFO - <module>: 22 - Start script
19:03:55 - test - INFO - show_CLIENTS_func: 582 - DATA from CLIENTS is showed
19:03:56 - test - INFO - show_CLIENTS_func: 582 - DATA from CLIENTS is showed
19:06:31 - test - INFO - <module>: 22 - Start script
19:13:39 - test - INFO - <module>: 22 - Start script
19:15:19 - test - INFO - <module>: 22 - Start script
19:15:57 - test - INFO - <module>: 22 - Start script
19:17:29 - test - INFO - <module>: 22 - Start script
19:18:58 - test - INFO - <module>: 22 - Start script
19:19:09 - test - INFO - show_CLIENTS_func: 596 - DATA from CLIENTS is showed
19:19:22 - test - INFO - show_CLIENTS_func: 596 - DATA from CLIENTS is showed
19:20:21 - test - INFO - <module>: 22 - Start script
19:20:34 - test - INFO - show_CLIENTS_func: 613 - DATA from CLIENTS is showed
19:21:14 - test - INFO - show_CLIENTS_func: 613 - DATA from CLIENTS is showed
19:21:20 - test - INFO - show_CLIENTS_func: 613 - DATA from CLIENTS is showed
19:53:22 - test - INFO - <module>: 22 - Start script
19:53:29 - test - INFO - show_CLIENTS_func: 613 - DATA from CLIENTS is showed
19:53:37 - test - INFO - show_CLIENTS_func: 613 - DATA from CLIENTS is showed
19:53:39 - test - INFO - show_CLIENTS_func: 613 - DATA from CLIENTS is showed
19:53:39 - test - INFO - show_CLIENTS_func: 613 - DATA from CLIENTS is showed
19:53:39 - test - INFO - show_CLIENTS_func: 613 - DATA from CLIENTS is showed
19:54:24 - test - INFO - show_CLIENTS_func: 613 - DATA from CLIENTS is showed
19:55:01 - test - INFO - <module>: 22 - Start script
19:55:08 - test - INFO - <module>: 22 - Start script
19:58:10 - test - INFO - <module>: 22 - Start script
19:58:18 - test - INFO - show_CLIENTS_func: 613 - DATA from CLIENTS is showed
19:58:48 - test - INFO - show_CLIENTS_func: 613 - DATA from CLIENTS is showed
19:59:10 - test - INFO - show_CLIENTS_func: 613 - DATA from CLIENTS is showed
19:59:20 - test - INFO - show_CLIENTS_func: 613 - DATA from CLIENTS is showed
19:59:46 - test - INFO - show_CLIENTS_func: 613 - DATA from CLIENTS is showed
20:07:15 - test - INFO - <module>: 22 - Start script
20:07:18 - test - INFO - show_CLIENTS_func: 613 - DATA from CLIENTS is showed
20:07:35 - test - INFO - show_CLIENTS_func: 613 - DATA from CLIENTS is showed
02:37:52 - main - INFO - <module>: 22 - Start script
02:37:54 - main - INFO - show_CLIENTS_func: 575 - DATA from CLIENTS is showed
02:52:09 - main - INFO - <module>: 22 - Start script
02:52:53 - main - INFO - <module>: 22 - Start script
09:43:50 - test - INFO - <module>: 22 - Start script
09:43:53 - test - INFO - show_CLIENTS_func: 614 - DATA from CLIENTS is showed
09:46:17 - test - INFO - <module>: 22 - Start script
09:46:31 - main - INFO - <module>: 22 - Start script
09:48:52 - main - INFO - <module>: 22 - Start script
09:49:02 - main - INFO - show_CLIENTS_func: 577 - DATA from CLIENTS is showed
09:55:26 - main - INFO - <module>: 22 - Start script
09:55:46 - main - INFO - show_CLIENTS_func: 577 - DATA from CLIENTS is showed
09:57:22 - main - INFO - <module>: 22 - Start script
09:57:45 - main - INFO - <module>: 22 - Start script
09:57:47 - main - INFO - show_CLIENTS_func: 577 - DATA from CLIENTS is showed
09:57:58 - main - INFO - show_CLIENTS_func: 577 - DATA from CLIENTS is showed
09:57:59 - main - INFO - show_CLIENTS_func: 577 - DATA from CLIENTS is showed
09:57:59 - main - INFO - show_CLIENTS_func: 577 - DATA from CLIENTS is showed
09:57:59 - main - INFO - show_CLIENTS_func: 577 - DATA from CLIENTS is showed
09:57:59 - main - INFO - show_CLIENTS_func: 577 - DATA from CLIENTS is showed
09:58:00 - main - INFO - show_CLIENTS_func: 577 - DATA from CLIENTS is showed
09:58:09 - main - INFO - show_CLIENTS_func: 577 - DATA from CLIENTS is showed
09:58:55 - main - INFO - <module>: 22 - Start script
09:58:57 - main - INFO - show_CLIENTS_func: 577 - DATA from CLIENTS is showed
10:06:58 - main - INFO - <module>: 22 - Start script
10:08:39 - main - INFO - <module>: 22 - Start script
10:08:59 - main - INFO - show_CLIENTS_func: 577 - DATA from CLIENTS is showed
10:09:49 - main - INFO - show_CLIENTS_func: 577 - DATA from CLIENTS is showed
10:10:30 - main - INFO - show_CLIENTS_func: 577 - DATA from CLIENTS is showed
10:11:04 - main - INFO - show_CLIENTS_func: 577 - DATA from CLIENTS is showed
10:11:25 - main - INFO - show_CLIENTS_func: 577 - DATA from CLIENTS is showed
10:11:42 - main - INFO - show_CLIENTS_func: 577 - DATA from CLIENTS is showed
10:11:51 - main - INFO - show_CLIENTS_func: 577 - DATA from CLIENTS is showed
10:11:57 - main - INFO - show_CLIENTS_func: 577 - DATA from CLIENTS is showed
10:49:49 - main - INFO - <module>: 22 - Start script
10:49:52 - main - INFO - show_CLIENTS_func: 577 - DATA from CLIENTS is showed
11:07:13 - main - INFO - <module>: 22 - Start script
11:08:58 - main - INFO - <module>: 22 - Start script
11:09:17 - main - INFO - <module>: 22 - Start script
11:19:20 - main - INFO - <module>: 22 - Start script
11:20:06 - main - INFO - <module>: 22 - Start script
11:20:39 - main - INFO - <module>: 22 - Start script
11:21:10 - main - INFO - <module>: 22 - Start script
11:22:42 - main - INFO - <module>: 22 - Start script
11:22:57 - main - INFO - <module>: 22 - Start script
11:23:00 - main - INFO - show_CLIENTS_func: 578 - DATA from CLIENTS is showed
11:23:47 - main - INFO - show_CLIENTS_func: 578 - DATA from CLIENTS is showed
11:23:47 - main - INFO - show_CLIENTS_func: 578 - DATA from CLIENTS is showed
11:23:47 - main - INFO - show_CLIENTS_func: 578 - DATA from CLIENTS is showed
11:23:48 - main - INFO - show_CLIENTS_func: 578 - DATA from CLIENTS is showed
11:54:08 - main - INFO - <module>: 22 - Start script
11:54:26 - main - INFO - show_CLIENTS_func: 578 - DATA from CLIENTS is showed
11:54:51 - main - INFO - show_CLIENTS_func: 578 - DATA from CLIENTS is showed
11:54:51 - main - INFO - show_CLIENTS_func: 578 - DATA from CLIENTS is showed
11:54:51 - main - INFO - show_CLIENTS_func: 578 - DATA from CLIENTS is showed
12:37:59 - main2 - INFO - <module>: 21 - Start script
12:38:02 - main2 - INFO - show_CLIENTS_func: 596 - DATA from CLIENTS is showed
12:38:29 - main2 - INFO - show_CLIENTS_func: 596 - DATA from CLIENTS is showed
12:42:06 - main2 - INFO - <module>: 21 - Start script
12:48:46 - main2 - INFO - <module>: 21 - Start script
12:48:52 - main2 - INFO - show_CLIENTS_func: 597 - DATA from CLIENTS is showed
13:28:12 - main2 - INFO - <module>: 21 - Start script
13:28:25 - main2 - INFO - show_CLIENTS_func: 597 - DATA from CLIENTS is showed
13:28:25 - main2 - INFO - show_CLIENTS_func: 597 - DATA from CLIENTS is showed
13:28:25 - main2 - INFO - show_CLIENTS_func: 597 - DATA from CLIENTS is showed
13:28:25 - main2 - INFO - show_CLIENTS_func: 597 - DATA from CLIENTS is showed
13:28:25 - main2 - INFO - show_CLIENTS_func: 597 - DATA from CLIENTS is showed
13:28:26 - main2 - INFO - show_CLIENTS_func: 597 - DATA from CLIENTS is showed
13:29:35 - main2 - INFO - <module>: 21 - Start script
13:30:00 - main2 - INFO - <module>: 21 - Start script
13:30:52 - main2 - INFO - <module>: 21 - Start script
13:30:59 - main2 - INFO - <module>: 21 - Start script
13:31:08 - main2 - INFO - <module>: 21 - Start script
13:31:18 - main2 - INFO - <module>: 21 - Start script
13:31:35 - main2 - INFO - <module>: 21 - Start script
13:31:57 - main2 - INFO - show_CLIENTS_func: 597 - DATA from CLIENTS is showed
15:33:21 - main2 - INFO - <module>: 21 - Start script
15:33:23 - main2 - INFO - show_CLIENTS_func: 597 - DATA from CLIENTS is showed
15:33:50 - main2 - INFO - show_CLIENTS_func: 597 - DATA from CLIENTS is showed
15:33:50 - main2 - INFO - show_CLIENTS_func: 597 - DATA from CLIENTS is showed
15:40:51 - main2 - INFO - <module>: 21 - Start script
15:40:53 - main2 - INFO - show_CLIENTS_func: 597 - DATA from CLIENTS is showed
15:40:58 - main2 - INFO - show_CLIENTS_func: 597 - DATA from CLIENTS is showed
07:21:17 - main2 - INFO - <module>: 21 - Start script
07:21:19 - main2 - INFO - show_CLIENTS_func: 597 - DATA from CLIENTS is showed
10:53:59 - main2 - INFO - <module>: 21 - Start script
10:54:01 - main2 - INFO - show_CLIENTS_func: 597 - DATA from CLIENTS is showed
10:54:01 - main2 - INFO - show_CLIENTS_func: 597 - DATA from CLIENTS is showed
10:54:19 - main2 - INFO - show_CLIENTS_func: 597 - DATA from CLIENTS is showed
11:06:37 - main2 - INFO - <module>: 21 - Start script
11:06:40 - main2 - INFO - show_CLIENTS_func: 599 - DATA from CLIENTS is showed
07:09:35 - main2 - INFO - <module>: 21 - Start script
07:12:42 - main2 - INFO - <module>: 21 - Start script
07:12:44 - main2 - INFO - show_CLIENTS_func: 599 - DATA from CLIENTS is showed
08:03:02 - main2 - INFO - <module>: 21 - Start script
08:03:04 - main2 - INFO - show_CLIENTS_func: 599 - DATA from CLIENTS is showed
08:03:25 - main2 - INFO - show_CLIENTS_func: 599 - DATA from CLIENTS is showed
08:03:25 - main2 - INFO - show_CLIENTS_func: 599 - DATA from CLIENTS is showed
08:03:25 - main2 - INFO - show_CLIENTS_func: 599 - DATA from CLIENTS is showed
08:03:26 - main2 - INFO - show_CLIENTS_func: 599 - DATA from CLIENTS is showed
08:03:42 - main2 - INFO - show_CLIENTS_func: 599 - DATA from CLIENTS is showed
08:04:01 - main2 - INFO - show_CLIENTS_func: 599 - DATA from CLIENTS is showed
08:04:01 - main2 - INFO - show_CLIENTS_func: 599 - DATA from CLIENTS is showed
08:04:01 - main2 - INFO - show_CLIENTS_func: 599 - DATA from CLIENTS is showed
08:04:12 - main2 - INFO - show_CLIENTS_func: 599 - DATA from CLIENTS is showed
08:04:12 - main2 - INFO - show_CLIENTS_func: 599 - DATA from CLIENTS is showed
